<?xml version="1.0" encoding="UTF-8"?>
<testsuite name="com.task.syncapplication.SyncApplicationTests" tests="1" skipped="0" failures="0" errors="0" timestamp="2024-05-07T17:54:50" hostname="DESKTOP-GF3AG4I" time="0.514">
  <properties/>
  <testcase name="contextLoads()" classname="com.task.syncapplication.SyncApplicationTests" time="0.514"/>
  <system-out><![CDATA[02:54:45.582 [Test worker] INFO org.springframework.test.context.support.AnnotationConfigContextLoaderUtils -- Could not detect default configuration classes for test class [com.task.syncapplication.SyncApplicationTests]: SyncApplicationTests does not declare any static, non-private, non-final, nested classes annotated with @Configuration.
02:54:45.706 [Test worker] INFO org.springframework.boot.test.context.SpringBootTestContextBootstrapper -- Found @SpringBootConfiguration com.task.syncapplication.SyncApplication for test class com.task.syncapplication.SyncApplicationTests

  .   ____          _            __ _ _
 /\\ / ___'_ __ _ _(_)_ __  __ _ \ \ \ \
( ( )\___ | '_ | '_| | '_ \/ _` | \ \ \ \
 \\/  ___)| |_)| | | | | || (_| |  ) ) ) )
  '  |____| .__|_| |_|_| |_\__, | / / / /
 =========|_|==============|___/=/_/_/_/
 :: Spring Boot ::                (v3.2.5)

2024-05-08T02:54:46.152+09:00  INFO 28556 --- [sync-application] [    Test worker] c.t.s.SyncApplicationTests               : Starting SyncApplicationTests using Java 17.0.10 with PID 28556 (started by cuda1 in C:\Users\cuda1\Desktop\SPRINGBOOT001\root\modules\application\sync-application)
2024-05-08T02:54:46.154+09:00  INFO 28556 --- [sync-application] [    Test worker] c.t.s.SyncApplicationTests               : No active profile set, falling back to 1 default profile: "default"
2024-05-08T02:54:46.703+09:00  INFO 28556 --- [sync-application] [    Test worker] .s.d.r.c.RepositoryConfigurationDelegate : Bootstrapping Spring Data JPA repositories in DEFAULT mode.
2024-05-08T02:54:46.770+09:00  INFO 28556 --- [sync-application] [    Test worker] .s.d.r.c.RepositoryConfigurationDelegate : Finished Spring Data repository scanning in 56 ms. Found 1 JPA repository interface.
2024-05-08T02:54:47.524+09:00  INFO 28556 --- [sync-application] [    Test worker] o.hibernate.jpa.internal.util.LogHelper  : HHH000204: Processing PersistenceUnitInfo [name: default]
2024-05-08T02:54:47.611+09:00  INFO 28556 --- [sync-application] [    Test worker] org.hibernate.Version                    : HHH000412: Hibernate ORM core version 6.4.4.Final
2024-05-08T02:54:47.666+09:00  INFO 28556 --- [sync-application] [    Test worker] o.h.c.internal.RegionFactoryInitiator    : HHH000026: Second-level cache disabled
2024-05-08T02:54:47.995+09:00  INFO 28556 --- [sync-application] [    Test worker] o.s.o.j.p.SpringPersistenceUnitInfo      : No LoadTimeWeaver setup: ignoring JPA class transformer
2024-05-08T02:54:48.038+09:00  INFO 28556 --- [sync-application] [    Test worker] com.zaxxer.hikari.HikariDataSource       : HikariPool-1 - Starting...
2024-05-08T02:54:48.345+09:00  INFO 28556 --- [sync-application] [    Test worker] com.zaxxer.hikari.pool.HikariPool        : HikariPool-1 - Added connection com.mysql.cj.jdbc.ConnectionImpl@23321be7
2024-05-08T02:54:48.348+09:00  INFO 28556 --- [sync-application] [    Test worker] com.zaxxer.hikari.HikariDataSource       : HikariPool-1 - Start completed.
2024-05-08T02:54:49.404+09:00  INFO 28556 --- [sync-application] [    Test worker] o.h.e.t.j.p.i.JtaPlatformInitiator       : HHH000489: No JTA platform available (set 'hibernate.transaction.jta.platform' to enable JTA platform integration)
2024-05-08T02:54:49.454+09:00  INFO 28556 --- [sync-application] [    Test worker] j.LocalContainerEntityManagerFactoryBean : Initialized JPA EntityManagerFactory for persistence unit 'default'
2024-05-08T02:54:49.945+09:00  WARN 28556 --- [sync-application] [    Test worker] JpaBaseConfiguration$JpaWebConfiguration : spring.jpa.open-in-view is enabled by default. Therefore, database queries may be performed during view rendering. Explicitly configure spring.jpa.open-in-view to disable this warning
2024-05-08T02:54:50.427+09:00  INFO 28556 --- [sync-application] [    Test worker] c.t.s.SyncApplicationTests               : Started SyncApplicationTests in 4.532 seconds (process running for 5.839)
]]></system-out>
  <system-err><![CDATA[]]></system-err>
</testsuite>
